{"numTotalTestSuites":127,"numPassedTestSuites":127,"numFailedTestSuites":0,"numPendingTestSuites":0,"numTotalTests":382,"numPassedTests":382,"numFailedTests":0,"numPendingTests":0,"numTodoTests":0,"snapshot":{"added":0,"failure":false,"filesAdded":0,"filesRemoved":0,"filesRemovedList":[],"filesUnmatched":0,"filesUpdated":0,"matched":0,"total":0,"unchecked":0,"uncheckedKeysByFile":[],"unmatched":0,"updated":0,"didUpdate":false},"startTime":1785561376484,"success":true,"testResults":[{"assertionResults":[{"ancestorTitles":["A2A Fixture Conformance"],"fullName":"A2A Fixture Conformance read-only report skill forwards and emits policy evidence","status":"passed","title":"read-only report skill forwards and emits policy evidence","duration":95.617208,"failureMessages":[],"meta":{}},{"ancestorTitles":["A2A Fixture Conformance"],"fullName":"A2A Fixture Conformance navigate request with report-only token fails closed on scope mismatch","status":"passed","title":"navigate request with report-only token fails closed on scope mismatch","duration":5.9892920000000345,"failureMessages":[],"meta":{}},{"ancestorTitles":["A2A Fixture Conformance"],"fullName":"A2A Fixture Conformance navigate request with matching token escalates at T2 and emits policy evidence","status":"passed","title":"navigate request with matching token escalates at T2 and emits policy evidence","duration":14.337000000000046,"failureMessages":[],"meta":{}},{"ancestorTitles":["A2A Fixture Conformance"],"fullName":"A2A Fixture Conformance revoked navigate token is denied before task forwarding","status":"passed","title":"revoked navigate token is denied before task forwarding","duration":1.8029579999999896,"failureMessages":[],"meta":{}},{"ancestorTitles":["A2A Fixture Conformance"],"fullName":"A2A Fixture Conformance subject mismatch denies cross-agent token replay","status":"passed","title":"subject mismatch denies cross-agent token replay","duration":1.355209000000002,"failureMessages":[],"meta":{}}],"startTime":1785561378071,"endTime":1785561378190.3552,"status":"passed","message":"","name":"/Users/pshkv/sint-protocol/packages/conformance-tests/src/a2a-fixtures-conformance.test.ts"},{"assertionResults":[{"ancestorTitles":["ActionRef Identity + Explainability Conformance"],"fullName":"ActionRef Identity + Explainability Conformance fixture profile shape is valid","status":"passed","title":"fixture profile shape is valid","duration":1.335000000000008,"failureMessages":[],"meta":{}},{"ancestorTitles":["ActionRef Identity + Explainability Conformance"],"fullName":"ActionRef Identity + Explainability Conformance enforces action_ref equivalence, explainability comparability, and linkage checks","status":"passed","title":"enforces action_ref equivalence, explainability comparability, and linkage checks","duration":0.6475420000000156,"failureMessages":[],"meta":{}}],"startTime":1785561380042,"endTime":1785561380044.6475,"status":"passed","message":"","name":"/Users/pshkv/sint-protocol/packages/conformance-tests/src/action-ref-explainability-conformance.test.ts"},{"assertionResults":[{"ancestorTitles":["Agent Commerce Governance Fixture Conformance"],"fullName":"Agent Commerce Governance Fixture Conformance fixture exposes the v1 market and payment control vocabulary","status":"passed","title":"fixture exposes the v1 market and payment control vocabulary","duration":1.550457999999992,"failureMessages":[],"meta":{}},{"ancestorTitles":["Agent Commerce Governance Fixture Conformance"],"fullName":"Agent Commerce Governance Fixture Conformance keeps every case tied to a stable decision reason and evidence rule","status":"passed","title":"keeps every case tied to a stable decision reason and evidence rule","duration":0.867999999999995,"failureMessages":[],"meta":{}},{"ancestorTitles":["Agent Commerce Governance Fixture Conformance"],"fullName":"Agent Commerce Governance Fixture Conformance evaluates task-market and x402 controls deterministically","status":"passed","title":"evaluates task-market and x402 controls deterministically","duration":2.150041999999985,"failureMessages":[],"meta":{}}],"startTime":1785561379381,"endTime":1785561379385.1501,"status":"passed","message":"","name":"/Users/pshkv/sint-protocol/packages/conformance-tests/src/agent-commerce-governance-conformance.test.ts"},{"assertionResults":[{"ancestorTitles":["AgentSkill Delegated Authority Fixture Conformance"],"fullName":"AgentSkill Delegated Authority Fixture Conformance fixture has required schema and executable scenarios","status":"passed","title":"fixture has required schema and executable scenarios","duration":2.011875000000032,"failureMessages":[],"meta":{}},{"ancestorTitles":["AgentSkill Delegated Authority Fixture Conformance"],"fullName":"AgentSkill Delegated Authority Fixture Conformance enforces delegated authority scenarios at the AgentSkill boundary","status":"passed","title":"enforces delegated authority scenarios at the AgentSkill boundary","duration":356.842709,"failureMessages":[],"meta":{}}],"startTime":1785561377208,"endTime":1785561377566.8428,"status":"passed","message":"","name":"/Users/pshkv/sint-protocol/packages/conformance-tests/src/agentskill-authz-fixtures-conformance.test.ts"},{"assertionResults":[{"ancestorTitles":["APS-SINT-MCP Cross-Protocol Handshake — conformance"],"fullName":"APS-SINT-MCP Cross-Protocol Handshake — conformance fixture: aps-sint-handshake.v1.json loads and has 3 cases covering scenarios A, B, C","status":"passed","title":"fixture: aps-sint-handshake.v1.json loads and has 3 cases covering scenarios A, B, C","duration":5.587874999999997,"failureMessages":[],"meta":{}},{"ancestorTitles":["APS-SINT-MCP Cross-Protocol Handshake — conformance"],"fullName":"APS-SINT-MCP Cross-Protocol Handshake — conformance Scenario A: authorized call — token scoped to readFile, request for readFile → allow","status":"passed","title":"Scenario A: authorized call — token scoped to readFile, request for readFile → allow","duration":56.11162500000006,"failureMessages":[],"meta":{}},{"ancestorTitles":["APS-SINT-MCP Cross-Protocol Handshake — conformance"],"fullName":"APS-SINT-MCP Cross-Protocol Handshake — conformance Scenario A: authorized call — MCPInterceptor forwards to MCP server","status":"passed","title":"Scenario A: authorized call — MCPInterceptor forwards to MCP server","duration":4.562084000000027,"failureMessages":[],"meta":{}},{"ancestorTitles":["APS-SINT-MCP Cross-Protocol Handshake — conformance"],"fullName":"APS-SINT-MCP Cross-Protocol Handshake — conformance Scenario A: authorized call — ledger receives policy.evaluated event","status":"passed","title":"Scenario A: authorized call — ledger receives policy.evaluated event","duration":3.877917000000025,"failureMessages":[],"meta":{}},{"ancestorTitles":["APS-SINT-MCP Cross-Protocol Handshake — conformance"],"fullName":"APS-SINT-MCP Cross-Protocol Handshake — conformance Scenario B: scope-exceeded denial — filesystem/* token denied for exec/run (RESOURCE_MISMATCH)","status":"passed","title":"Scenario B: scope-exceeded denial — filesystem/* token denied for exec/run (RESOURCE_MISMATCH)","duration":9.221209000000044,"failureMessages":[],"meta":{}},{"ancestorTitles":["APS-SINT-MCP Cross-Protocol Handshake — conformance"],"fullName":"APS-SINT-MCP Cross-Protocol Handshake — conformance Scenario B: scope-exceeded denial — MCPInterceptor must not forward a denied call","status":"passed","title":"Scenario B: scope-exceeded denial — MCPInterceptor must not forward a denied call","duration":4.99254099999996,"failureMessages":[],"meta":{}},{"ancestorTitles":["APS-SINT-MCP Cross-Protocol Handshake — conformance"],"fullName":"APS-SINT-MCP Cross-Protocol Handshake — conformance Scenario C: cascade revocation — child token denied after explicit revocation","status":"passed","title":"Scenario C: cascade revocation — child token denied after explicit revocation","duration":4.3119159999999965,"failureMessages":[],"meta":{}},{"ancestorTitles":["APS-SINT-MCP Cross-Protocol Handshake — conformance"],"fullName":"APS-SINT-MCP Cross-Protocol Handshake — conformance Scenario C: cascade gap — child token NOT denied if only parent is revoked (operator must cascade)","status":"passed","title":"Scenario C: cascade gap — child token NOT denied if only parent is revoked (operator must cascade)","duration":13.893625000000043,"failureMessages":[],"meta":{}},{"ancestorTitles":["APS-SINT-MCP Cross-Protocol Handshake — conformance"],"fullName":"APS-SINT-MCP Cross-Protocol Handshake — conformance APS identity: did:key subject round-trips through keyToDid / didToKey","status":"passed","title":"APS identity: did:key subject round-trips through keyToDid / didToKey","duration":1.6636670000000322,"failureMessages":[],"meta":{}},{"ancestorTitles":["APS-SINT-MCP Cross-Protocol Handshake — conformance"],"fullName":"APS-SINT-MCP Cross-Protocol Handshake — conformance Delegation depth: chain at max depth (3) is accepted; depth 4 is rejected","status":"passed","title":"Delegation depth: chain at max depth (3) is accepted; depth 4 is rejected","duration":14.629541000000017,"failureMessages":[],"meta":{}},{"ancestorTitles":["APS-SINT-MCP Cross-Protocol Handshake — conformance"],"fullName":"APS-SINT-MCP Cross-Protocol Handshake — conformance Monotonic narrowing: delegated child inherits parent resource (cannot be independently broadened)","status":"passed","title":"Monotonic narrowing: delegated child inherits parent resource (cannot be independently broadened)","duration":3.3784580000000233,"failureMessages":[],"meta":{}}],"startTime":1785561378412,"endTime":1785561378533.3784,"status":"passed","message":"","name":"/Users/pshkv/sint-protocol/packages/conformance-tests/src/aps-sint-handshake.test.ts"},{"assertionResults":[{"ancestorTitles":["AutoGen Interop Conformance"],"fullName":"AutoGen Interop Conformance equivalence scenarios match between direct gateway path and autogen callback path","status":"passed","title":"equivalence scenarios match between direct gateway path and autogen callback path","duration":28.055541000000062,"failureMessages":[],"meta":{}},{"ancestorTitles":["AutoGen Interop Conformance"],"fullName":"AutoGen Interop Conformance trust matrix fixture produces deterministic tier/action outcomes","status":"passed","title":"trust matrix fixture produces deterministic tier/action outcomes","duration":14.889042000000018,"failureMessages":[],"meta":{}},{"ancestorTitles":["AutoGen Interop Conformance"],"fullName":"AutoGen Interop Conformance edge disconnect fixture denies trust-escalated T2/T3 actions fail-closed","status":"passed","title":"edge disconnect fixture denies trust-escalated T2/T3 actions fail-closed","duration":6.197667000000024,"failureMessages":[],"meta":{}}],"startTime":1785561377321,"endTime":1785561377370.1978,"status":"passed","message":"","name":"/Users/pshkv/sint-protocol/packages/conformance-tests/src/autogen-interop-conformance.test.ts"},{"assertionResults":[{"ancestorTitles":["Managed-autonomy supervisor package conformance"],"fullName":"Managed-autonomy supervisor package conformance declares the 12 required autonomy conformance scenarios","status":"passed","title":"declares the 12 required autonomy conformance scenarios","duration":0.9587500000000091,"failureMessages":[],"meta":{}},{"ancestorTitles":["Managed-autonomy supervisor package conformance"],"fullName":"Managed-autonomy supervisor package conformance keeps external output structurally gated to stable clean guards","status":"passed","title":"keeps external output structurally gated to stable clean guards","duration":0.32637499999998454,"failureMessages":[],"meta":{}},{"ancestorTitles":["Managed-autonomy supervisor package conformance"],"fullName":"Managed-autonomy supervisor package conformance rejects non-external regulated restoration controllers","status":"passed","title":"rejects non-external regulated restoration controllers","duration":0.6250830000000178,"failureMessages":[],"meta":{}},{"ancestorTitles":["Managed-autonomy supervisor package conformance"],"fullName":"Managed-autonomy supervisor package conformance maps regulated transitions to append-only authority revocation events","status":"passed","title":"maps regulated transitions to append-only authority revocation events","duration":1.1556249999999864,"failureMessages":[],"meta":{}}],"startTime":1785561379802,"endTime":1785561379805.1555,"status":"passed","message":"","name":"/Users/pshkv/sint-protocol/packages/conformance-tests/src/autonomy-supervisor-conformance.test.ts"},{"assertionResults":[{"ancestorTitles":["Backward Compatibility (v0 clients)"],"fullName":"Backward Compatibility (v0 clients) legacy token payloads without v0.2 optional fields remain valid","status":"passed","title":"legacy token payloads without v0.2 optional fields remain valid","duration":22.90341600000005,"failureMessages":[],"meta":{}},{"ancestorTitles":["Backward Compatibility (v0 clients)"],"fullName":"Backward Compatibility (v0 clients) legacy requests without executionContext continue to pass gateway","status":"passed","title":"legacy requests without executionContext continue to pass gateway","duration":6.649000000000001,"failureMessages":[],"meta":{}},{"ancestorTitles":["Backward Compatibility (v0 clients)"],"fullName":"Backward Compatibility (v0 clients) legacy delegation requests remain valid without new optional fields","status":"passed","title":"legacy delegation requests remain valid without new optional fields","duration":4.961667000000034,"failureMessages":[],"meta":{}}],"startTime":1785561377866,"endTime":1785561377900.9617,"status":"passed","message":"","name":"/Users/pshkv/sint-protocol/packages/conformance-tests/src/backward-compatibility-v0-clients.test.ts"},{"assertionResults":[{"ancestorTitles":["Bridge-MCP Regression Tests"],"fullName":"Bridge-MCP Regression Tests MCP-1. Read-only filesystem tool call should be forwarded","status":"passed","title":"MCP-1. Read-only filesystem tool call should be forwarded","duration":28.264999999999986,"failureMessages":[],"meta":{}},{"ancestorTitles":["Bridge-MCP Regression Tests"],"fullName":"Bridge-MCP Regression Tests MCP-2. Tool call with revoked token must be denied","status":"passed","title":"MCP-2. Tool call with revoked token must be denied","duration":2.0775840000000017,"failureMessages":[],"meta":{}},{"ancestorTitles":["Bridge-MCP Regression Tests"],"fullName":"Bridge-MCP Regression Tests MCP-3. Forbidden combo filesystem.write → exec.run is detected","status":"passed","title":"MCP-3. Forbidden combo filesystem.write → exec.run is detected","duration":0.24629199999998264,"failureMessages":[],"meta":{}},{"ancestorTitles":["Bridge-MCP Regression Tests"],"fullName":"Bridge-MCP Regression Tests MCP-4. Tool call with invalid session must be denied","status":"passed","title":"MCP-4. Tool call with invalid session must be denied","duration":0.132583000000011,"failureMessages":[],"meta":{}},{"ancestorTitles":["Bridge-MCP Regression Tests"],"fullName":"Bridge-MCP Regression Tests MCP-5. Recent actions accumulate across intercepted calls","status":"passed","title":"MCP-5. Recent actions accumulate across intercepted calls","duration":12.181958000000009,"failureMessages":[],"meta":{}},{"ancestorTitles":["Bridge-MCP Regression Tests"],"fullName":"Bridge-MCP Regression Tests MCP-6. Exec tool call gets T3 COMMIT tier assignment","status":"passed","title":"MCP-6. Exec tool call gets T3 COMMIT tier assignment","duration":5.527125000000012,"failureMessages":[],"meta":{}},{"ancestorTitles":["Bridge-MCP Regression Tests"],"fullName":"Bridge-MCP Regression Tests MCP-7. Credential tool call gets T3 COMMIT tier assignment","status":"passed","title":"MCP-7. Credential tool call gets T3 COMMIT tier assignment","duration":12.985833000000014,"failureMessages":[],"meta":{}},{"ancestorTitles":["Bridge-MCP Regression Tests"],"fullName":"Bridge-MCP Regression Tests MCP-8. All policy evaluations generate ledger events","status":"passed","title":"MCP-8. All policy evaluations generate ledger events","duration":3.6762089999999716,"failureMessages":[],"meta":{}},{"ancestorTitles":["Bridge-MCP Regression Tests"],"fullName":"Bridge-MCP Regression Tests MCP-9. Removed session cannot make further calls","status":"passed","title":"MCP-9. Removed session cannot make further calls","duration":3.068375000000003,"failureMessages":[],"meta":{}},{"ancestorTitles":["Bridge-MCP Regression Tests"],"fullName":"Bridge-MCP Regression Tests MCP-10. Prompt injection in tool arguments does not alter tier assignment","status":"passed","title":"MCP-10. Prompt injection in tool arguments does not alter tier assignment","duration":13.342417000000012,"failureMessages":[],"meta":{}}],"startTime":1785561378471,"endTime":1785561378553.3425,"status":"passed","message":"","name":"/Users/pshkv/sint-protocol/packages/conformance-tests/src/bridge-mcp-regression.test.ts"},{"assertionResults":[{"ancestorTitles":["Bridge-ROS2 Regression Tests"],"fullName":"Bridge-ROS2 Regression Tests ROS2-1. Camera sensor subscribe should be forwarded","status":"passed","title":"ROS2-1. Camera sensor subscribe should be forwarded","duration":31.555207999999993,"failureMessages":[],"meta":{}},{"ancestorTitles":["Bridge-ROS2 Regression Tests"],"fullName":"Bridge-ROS2 Regression Tests ROS2-2. cmd_vel publish gets T2_ACT tier requiring review","status":"passed","title":"ROS2-2. cmd_vel publish gets T2_ACT tier requiring review","duration":6.894040999999959,"failureMessages":[],"meta":{}},{"ancestorTitles":["Bridge-ROS2 Regression Tests"],"fullName":"Bridge-ROS2 Regression Tests ROS2-3. cmd_vel publish exceeding velocity constraint must be denied","status":"passed","title":"ROS2-3. cmd_vel publish exceeding velocity constraint must be denied","duration":3.84699999999998,"failureMessages":[],"meta":{}},{"ancestorTitles":["Bridge-ROS2 Regression Tests"],"fullName":"Bridge-ROS2 Regression Tests ROS2-4. cmd_vel with human presence escalates to T3_COMMIT","status":"passed","title":"ROS2-4. cmd_vel with human presence escalates to T3_COMMIT","duration":3.546166000000028,"failureMessages":[],"meta":{}},{"ancestorTitles":["Bridge-ROS2 Regression Tests"],"fullName":"Bridge-ROS2 Regression Tests ROS2-5. Publish with revoked token must be denied","status":"passed","title":"ROS2-5. Publish with revoked token must be denied","duration":5.79279200000002,"failureMessages":[],"meta":{}},{"ancestorTitles":["Bridge-ROS2 Regression Tests"],"fullName":"Bridge-ROS2 Regression Tests ROS2-6. Service call routes through gateway correctly","status":"passed","title":"ROS2-6. Service call routes through gateway correctly","duration":5.541125000000022,"failureMessages":[],"meta":{}},{"ancestorTitles":["Bridge-ROS2 Regression Tests"],"fullName":"Bridge-ROS2 Regression Tests ROS2-7. Action goal routes through gateway correctly","status":"passed","title":"ROS2-7. Action goal routes through gateway correctly","duration":4.054749999999956,"failureMessages":[],"meta":{}},{"ancestorTitles":["Bridge-ROS2 Regression Tests"],"fullName":"Bridge-ROS2 Regression Tests ROS2-8. All intercepts generate audit ledger events","status":"passed","title":"ROS2-8. All intercepts generate audit ledger events","duration":5.835249999999974,"failureMessages":[],"meta":{}},{"ancestorTitles":["Bridge-ROS2 Regression Tests"],"fullName":"Bridge-ROS2 Regression Tests ROS2-9. Twist message with estimated force exceeding limit is denied","status":"passed","title":"ROS2-9. Twist message with estimated force exceeding limit is denied","duration":13.142124999999965,"failureMessages":[],"meta":{}},{"ancestorTitles":["Bridge-ROS2 Regression Tests"],"fullName":"Bridge-ROS2 Regression Tests ROS2-10. Mode change gets T3_COMMIT tier (irreversible)","status":"passed","title":"ROS2-10. Mode change gets T3_COMMIT tier (irreversible)","duration":6.763125000000002,"failureMessages":[],"meta":{}}],"startTime":1785561378490,"endTime":1785561378577.7632,"status":"passed","message":"","name":"/Users/pshkv/sint-protocol/packages/conformance-tests/src/bridge-ros2-regression.test.ts"},{"assertionResults":[{"ancestorTitles":["Canonical Fixture Conformance"],"fullName":"Canonical Fixture Conformance well-known discovery fixture preserves v0.2 boundary contract","status":"passed","title":"well-known discovery fixture preserves v0.2 boundary contract","duration":1.7584170000000086,"failureMessages":[],"meta":{}},{"ancestorTitles":["Canonical Fixture Conformance"],"fullName":"Canonical Fixture Conformance tier compliance crosswalk fixture stays aligned with exported core mapping","status":"passed","title":"tier compliance crosswalk fixture stays aligned with exported core mapping","duration":0.6745829999999842,"failureMessages":[],"meta":{}},{"ancestorTitles":["Canonical Fixture Conformance"],"fullName":"Canonical Fixture Conformance warehouse move fixture yields equivalent escalation semantics across ROS2, Sparkplug, and Open-RMF","status":"passed","title":"warehouse move fixture yields equivalent escalation semantics across ROS2, Sparkplug, and Open-RMF","duration":33.76754199999999,"failureMessages":[],"meta":{}},{"ancestorTitles":["Canonical Fixture Conformance"],"fullName":"Canonical Fixture Conformance OPC UA safety fixture enforces read/write/critical-write tier behavior","status":"passed","title":"OPC UA safety fixture enforces read/write/critical-write tier behavior","duration":18.799666000000002,"failureMessages":[],"meta":{}},{"ancestorTitles":["Canonical Fixture Conformance"],"fullName":"Canonical Fixture Conformance hardware safety handshake fixture enforces fail-closed industrial permit behavior","status":"passed","title":"hardware safety handshake fixture enforces fail-closed industrial permit behavior","duration":13.059291999999914,"failureMessages":[],"meta":{}}],"startTime":1785561378486,"endTime":1785561378554.0593,"status":"passed","message":"","name":"/Users/pshkv/sint-protocol/packages/conformance-tests/src/canonical-fixtures-conformance.test.ts"},{"assertionResults":[{"ancestorTitles":["Code-as-policy skill guard fixture v1"],"fullName":"Code-as-policy skill guard fixture v1 declares a vendor-neutral robot-agent scope","status":"passed","title":"declares a vendor-neutral robot-agent scope","duration":1.007333000000017,"failureMessages":[],"meta":{}},{"ancestorTitles":["Code-as-policy skill guard fixture v1"],"fullName":"Code-as-policy skill guard fixture v1 defines receipt fields that bind generated code, skills, primitives, and hardware","status":"passed","title":"defines receipt fields that bind generated code, skills, primitives, and hardware","duration":0.6306250000000091,"failureMessages":[],"meta":{}},{"ancestorTitles":["Code-as-policy skill guard fixture v1"],"fullName":"Code-as-policy skill guard fixture v1 derives expected resources from engine, capsule, and ROS 2 boundaries","status":"passed","title":"derives expected resources from engine, capsule, and ROS 2 boundaries","duration":0.1690420000000472,"failureMessages":[],"meta":{}},{"ancestorTitles":["Code-as-policy skill guard fixture v1"],"fullName":"Code-as-policy skill guard fixture v1 keeps generated program and skill staging below live execution","status":"passed","title":"keeps generated program and skill staging below live execution","duration":0.2837090000000444,"failureMessages":[],"meta":{}},{"ancestorTitles":["Code-as-policy skill guard fixture v1"],"fullName":"Code-as-policy skill guard fixture v1 models coordinated primitive actuation and human-workspace escalation","status":"passed","title":"models coordinated primitive actuation and human-workspace escalation","duration":0.14854099999996606,"failureMessages":[],"meta":{}},{"ancestorTitles":["Code-as-policy skill guard fixture v1"],"fullName":"Code-as-policy skill guard fixture v1 rejects generated-code or skill mutations after approval","status":"passed","title":"rejects generated-code or skill mutations after approval","duration":0.14012500000001182,"failureMessages":[],"meta":{}},{"ancestorTitles":["Code-as-policy skill guard fixture v1"],"fullName":"Code-as-policy skill guard fixture v1 keeps all outcomes receipt-backed","status":"passed","title":"keeps all outcomes receipt-backed","duration":0.1500000000000341,"failureMessages":[],"meta":{}}],"startTime":1785561379759,"endTime":1785561379762.15,"status":"passed","message":"","name":"/Users/pshkv/sint-protocol/packages/conformance-tests/src/code-as-policy-skill-guard-conformance.test.ts"},{"assertionResults":[{"ancestorTitles":["Deployment envelope base conformance"],"fullName":"Deployment envelope base conformance keeps the shared fixture, command, and negative-case list intact","status":"passed","title":"keeps the shared fixture, command, and negative-case list intact","duration":1.1357919999999808,"failureMessages":[],"meta":{}},{"ancestorTitles":["Deployment envelope base conformance"],"fullName":"Deployment envelope base conformance allows the positive request shape and fails closed on missing evidence","status":"passed","title":"allows the positive request shape and fails closed on missing evidence","duration":67.58195799999999,"failureMessages":[],"meta":{}}],"startTime":1785561378569,"endTime":1785561378637.582,"status":"passed","message":"","name":"/Users/pshkv/sint-protocol/packages/conformance-tests/src/deployment-envelope-base-conformance.test.ts"},{"assertionResults":[{"ancestorTitles":["SINT Protocol End-to-End"],"fullName":"SINT Protocol End-to-End issues a root capability token with Ed25519 signature","status":"passed","title":"issues a root capability token with Ed25519 signature","duration":12.54000000000002,"failureMessages":[],"meta":{}},{"ancestorTitles":["SINT Protocol End-to-End"],"fullName":"SINT Protocol End-to-End validates the token signature cryptographically","status":"passed","title":"validates the token signature cryptographically","duration":2.794125000000008,"failureMessages":[],"meta":{}},{"ancestorTitles":["SINT Protocol End-to-End"],"fullName":"SINT Protocol End-to-End delegates with attenuation (restricts actions)","status":"passed","title":"delegates with attenuation (restricts actions)","duration":5.386624999999981,"failureMessages":[],"meta":{}},{"ancestorTitles":["SINT Protocol End-to-End"],"fullName":"SINT Protocol End-to-End allows read operations (T0_OBSERVE, auto-approved)","status":"passed","title":"allows read operations (T0_OBSERVE, auto-approved)","duration":5.865958000000035,"failureMessages":[],"meta":{}},{"ancestorTitles":["SINT Protocol End-to-End"],"fullName":"SINT Protocol End-to-End escalates dangerous operations (T3_COMMIT, needs human)","status":"passed","title":"escalates dangerous operations (T3_COMMIT, needs human)","duration":2.6185839999999985,"failureMessages":[],"meta":{}},{"ancestorTitles":["SINT Protocol End-to-End"],"fullName":"SINT Protocol End-to-End detects forbidden combination: write → exec (code injection)","status":"passed","title":"detects forbidden combination: write → exec (code injection)","duration":2.4568329999999605,"failureMessages":[],"meta":{}},{"ancestorTitles":["SINT Protocol End-to-End"],"fullName":"SINT Protocol End-to-End maps MCP tool calls to SINT requests correctly","status":"passed","title":"maps MCP tool calls to SINT requests correctly","duration":0.21466700000001993,"failureMessages":[],"meta":{}},{"ancestorTitles":["SINT Protocol End-to-End"],"fullName":"SINT Protocol End-to-End enqueues, resolves, and drains approval requests","status":"passed","title":"enqueues, resolves, and drains approval requests","duration":0.28979100000003655,"failureMessages":[],"meta":{}},{"ancestorTitles":["SINT Protocol End-to-End"],"fullName":"SINT Protocol End-to-End revokes a token and gateway denies subsequent requests","status":"passed","title":"revokes a token and gateway denies subsequent requests","duration":0.35791699999992943,"failureMessages":[],"meta":{}},{"ancestorTitles":["SINT Protocol End-to-End"],"fullName":"SINT Protocol End-to-End maintains hash-chain integrity across all events","status":"passed","title":"maintains hash-chain integrity across all events","duration":0.456957999999986,"failureMessages":[],"meta":{}}],"startTime":1785561377895,"endTime":1785561377928.457,"status":"passed","message":"","name":"/Users/pshkv/sint-protocol/packages/conformance-tests/src/e2e-demo.test.ts"},{"assertionResults":[{"ancestorTitles":["Economy Fixture Conformance"],"fullName":"Economy Fixture Conformance cost-aware routing fixture remains deterministic with and without x402 quotes","status":"passed","title":"cost-aware routing fixture remains deterministic with and without x402 quotes","duration":2.2096669999999676,"failureMessages":[],"meta":{}}],"startTime":1785561379795,"endTime":1785561379797.2097,"status":"passed","message":"","name":"/Users/pshkv/sint-protocol/packages/conformance-tests/src/economy-fixtures-conformance.test.ts"},{"assertionResults":[{"ancestorTitles":["SINT Economy Regression Tests"],"fullName":"SINT Economy Regression Tests allowed action deducts tokens equal to computed cost","status":"passed","title":"allowed action deducts tokens equal to computed cost","duration":28.407958000000008,"failureMessages":[],"meta":{}},{"ancestorTitles":["SINT Economy Regression Tests"],"fullName":"SINT Economy Regression Tests budget exceeded denies without billing","status":"passed","title":"budget exceeded denies without billing","duration":5.616125000000011,"failureMessages":[],"meta":{}},{"ancestorTitles":["SINT Economy Regression Tests"],"fullName":"SINT Economy Regression Tests trust blocked agent is denied","status":"passed","title":"trust blocked agent is denied","duration":10.026665999999977,"failureMessages":[],"meta":{}},{"ancestorTitles":["SINT Economy Regression Tests"],"fullName":"SINT Economy Regression Tests high_risk trust escalates T0 resource to T3","status":"passed","title":"high_risk trust escalates T0 resource to T3","duration":2.5721660000000384,"failureMessages":[],"meta":{}},{"ancestorTitles":["SINT Economy Regression Tests"],"fullName":"SINT Economy Regression Tests unrestricted trust allows T0 auto-approve","status":"passed","title":"unrestricted trust allows T0 auto-approve","duration":8.543250000000057,"failureMessages":[],"meta":{}},{"ancestorTitles":["SINT Economy Regression Tests"],"fullName":"SINT Economy Regression Tests zero balance denies action","status":"passed","title":"zero balance denies action","duration":3.3573749999999336,"failureMessages":[],"meta":{}},{"ancestorTitles":["SINT Economy Regression Tests"],"fullName":"SINT Economy Regression Tests postIntercept billing failure does not revoke the allow decision","status":"passed","title":"postIntercept billing failure does not revoke the allow decision","duration":3.7802500000000236,"failureMessages":[],"meta":{}},{"ancestorTitles":["SINT Economy Regression Tests"],"fullName":"SINT Economy Regression Tests gateway without economy plugin behaves identically to Phase 1/2","status":"passed","title":"gateway without economy plugin behaves identically to Phase 1/2","duration":4.903833000000077,"failureMessages":[],"meta":{}},{"ancestorTitles":["SINT Economy Regression Tests"],"fullName":"SINT Economy Regression Tests default MCP tool call costs 9 tokens (6 × 1.0 × 1.5)","status":"passed","title":"default MCP tool call costs 9 tokens (6 × 1.0 × 1.5)","duration":2.6720840000000408,"failureMessages":[],"meta":{}},{"ancestorTitles":["SINT Economy Regression Tests"],"fullName":"SINT Economy Regression Tests multiple sequential actions decrement balance correctly","status":"passed","title":"multiple sequential actions decrement balance correctly","duration":7.461000000000013,"failureMessages":[],"meta":{}},{"ancestorTitles":["SINT Economy Regression Tests"],"fullName":"SINT Economy Regression Tests budget exceeded takes precedence over trust blocked","status":"passed","title":"budget exceeded takes precedence over trust blocked","duration":3.176249999999982,"failureMessages":[],"meta":{}},{"ancestorTitles":["SINT Economy Regression Tests"],"fullName":"SINT Economy Regression Tests economic events are recorded in the evidence ledger","status":"passed","title":"economic events are recorded in the evidence ledger","duration":3.5335830000000215,"failureMessages":[],"meta":{}},{"ancestorTitles":["SINT Economy Regression Tests"],"fullName":"SINT Economy Regression Tests ledger chain is valid with economic events included","status":"passed","title":"ledger chain is valid with economic events included","duration":3.1307500000000346,"failureMessages":[],"meta":{}},{"ancestorTitles":["SINT Economy Regression Tests"],"fullName":"SINT Economy Regression Tests in-memory adapters satisfy balance, budget, trust contracts","status":"passed","title":"in-memory adapters satisfy balance, budget, trust contracts","duration":0.45745899999997164,"failureMessages":[],"meta":{}},{"ancestorTitles":["SINT Economy Regression Tests"],"fullName":"SINT Economy Regression Tests budget alert is emitted when usage exceeds 80%","status":"passed","title":"budget alert is emitted when usage exceeds 80%","duration":5.19033300000001,"failureMessages":[],"meta":{}}],"startTime":1785561377307,"endTime":1785561377405.1904,"status":"passed","message":"","name":"/Users/pshkv/sint-protocol/packages/conformance-tests/src/economy-regression.test.ts"},{"assertionResults":[{"ancestorTitles":["Edge Mode Conformance"],"fullName":"Edge Mode Conformance offline mode allows local T0/T1 but denies T2/T3 fail-open risk","status":"passed","title":"offline mode allows local T0/T1 but denies T2/T3 fail-open risk","duration":25.365499999999997,"failureMessages":[],"meta":{}},{"ancestorTitles":["Edge Mode Conformance"],"fullName":"Edge Mode Conformance reconnect reconciliation restores central escalation path","status":"passed","title":"reconnect reconciliation restores central escalation path","duration":7.338624999999979,"failureMessages":[],"meta":{}}],"startTime":1785561379017,"endTime":1785561379049.3386,"status":"passed","message":"","name":"/Users/pshkv/sint-protocol/packages/conformance-tests/src/edge-mode-conformance.test.ts"},{"assertionResults":[{"ancestorTitles":["EU AI Act conformity pack fixture v1"],"fullName":"EU AI Act conformity pack fixture v1 anchors the pack to current Regulation (EU) 2024/1689 conformity surfaces","status":"passed","title":"anchors the pack to current Regulation (EU) 2024/1689 conformity surfaces","duration":1.1047909999999774,"failureMessages":[],"meta":{}},{"ancestorTitles":["EU AI Act conformity pack fixture v1"],"fullName":"EU AI Act conformity pack fixture v1 generates Article 13 transparency export fields from fixture evidence","status":"passed","title":"generates Article 13 transparency export fields from fixture evidence","duration":1.2242500000000405,"failureMessages":[],"meta":{}},{"ancestorTitles":["EU AI Act conformity pack fixture v1"],"fullName":"EU AI Act conformity pack fixture v1 generates Article 14 human-oversight export with T2/T3 review evidence","status":"passed","title":"generates Article 14 human-oversight export with T2/T3 review evidence","duration":0.5152089999999703,"failureMessages":[],"meta":{}},{"ancestorTitles":["EU AI Act conformity pack fixture v1"],"fullName":"EU AI Act conformity pack fixture v1 requires every Annex IV checklist item to point at SINT artifacts","status":"passed","title":"requires every Annex IV checklist item to point at SINT artifacts","duration":0.4974589999999921,"failureMessages":[],"meta":{}},{"ancestorTitles":["EU AI Act conformity pack fixture v1"],"fullName":"EU AI Act conformity pack fixture v1 includes a service-robot ISO 13482 crosswalk for physical safety review","status":"passed","title":"includes a service-robot ISO 13482 crosswalk for physical safety review","duration":0.24045800000004647,"failureMessages":[],"meta":{}}],"startTime":1785561379246,"endTime":1785561379249.4976,"status":"passed","message":"","name":"/Users/pshkv/sint-protocol/packages/conformance-tests/src/eu-ai-act-conformity-pack-conformance.test.ts"},{"assertionResults":[{"ancestorTitles":["Factory Action Pack demo fixture v1"],"fullName":"Factory Action Pack demo fixture v1 keeps the demo scoped to simulation and control semantics","status":"passed","title":"keeps the demo scoped to simulation and control semantics","duration":1.1703750000000355,"failureMessages":[],"meta":{}},{"ancestorTitles":["Factory Action Pack demo fixture v1"],"fullName":"Factory Action Pack demo fixture v1 compiles prompt intent into a cell graph and robot action profile","status":"passed","title":"compiles prompt intent into a cell graph and robot action profile","duration":1.559459000000004,"failureMessages":[],"meta":{}},{"ancestorTitles":["Factory Action Pack demo fixture v1"],"fullName":"Factory Action Pack demo fixture v1 requires valid simulation proof before any execution path can proceed","status":"passed","title":"requires valid simulation proof before any execution path can proceed","duration":0.1994579999999928,"failureMessages":[],"meta":{}},{"ancestorTitles":["Factory Action Pack demo fixture v1"],"fullName":"Factory Action Pack demo fixture v1 proves deny -> escalate -> allow control semantics","status":"passed","title":"proves deny -> escalate -> allow control semantics","duration":0.3430829999999787,"failureMessages":[],"meta":{}},{"ancestorTitles":["Factory Action Pack demo fixture v1"],"fullName":"Factory Action Pack demo fixture v1 fans the same action profile into four vendor adapter stubs","status":"passed","title":"fans the same action profile into four vendor adapter stubs","duration":0.3705829999999537,"failureMessages":[],"meta":{}},{"ancestorTitles":["Factory Action Pack demo fixture v1"],"fullName":"Factory Action Pack demo fixture v1 maps the factory action profile into the ROS2 bridge command surface","status":"passed","title":"maps the factory action profile into the ROS2 bridge command surface","duration":1.584875000000011,"failureMessages":[],"meta":{}},{"ancestorTitles":["Factory Action Pack demo fixture v1"],"fullName":"Factory Action Pack demo fixture v1 derives UR ROS2 and SRCI adapter profiles from the same gated action","status":"passed","title":"derives UR ROS2 and SRCI adapter profiles from the same gated action","duration":1.811916999999994,"failureMessages":[],"meta":{}},{"ancestorTitles":["Factory Action Pack demo fixture v1"],"fullName":"Factory Action Pack demo fixture v1 generates robot-program export stubs from fixture adapter targets","status":"passed","title":"generates robot-program export stubs from fixture adapter targets","duration":1.5289999999999964,"failureMessages":[],"meta":{}},{"ancestorTitles":["Factory Action Pack demo fixture v1"],"fullName":"Factory Action Pack demo fixture v1 creates simulator receipt stubs for generated vendor programs","status":"passed","title":"creates simulator receipt stubs for generated vendor programs","duration":15.57995900000003,"failureMessages":[],"meta":{}},{"ancestorTitles":["Factory Action Pack demo fixture v1"],"fullName":"Factory Action Pack demo fixture v1 records an append-only receipt chain across plan, simulation, approval, and execution","status":"passed","title":"records an append-only receipt chain across plan, simulation, approval, and execution","duration":0.36445800000001327,"failureMessages":[],"meta":{}},{"ancestorTitles":["Factory Action Pack demo fixture v1"],"fullName":"Factory Action Pack demo fixture v1 carries the receipt chain as schema-valid operator approval context","status":"passed","title":"carries the receipt chain as schema-valid operator approval context","duration":0.7082500000000209,"failureMessages":[],"meta":{}}],"startTime":1785561378382,"endTime":1785561378407.7083,"status":"passed","message":"","name":"/Users/pshkv/sint-protocol/packages/conformance-tests/src/factory-action-demo-conformance.test.ts"},{"assertionResults":[{"ancestorTitles":["Hardware Safety Phase A — Conformance","Group 1: SafetyPermitPlugin integration"],"fullName":"Hardware Safety Phase A — Conformance Group 1: SafetyPermitPlugin integration plugin returns estopState: triggered → gateway denies T2 action with HARDWARE_ESTOP_ACTIVE","status":"passed","title":"plugin returns estopState: triggered → gateway denies T2 action with HARDWARE_ESTOP_ACTIVE","duration":19.348584000000017,"failureMessages":[],"meta":{}},{"ancestorTitles":["Hardware Safety Phase A — Conformance","Group 1: SafetyPermitPlugin integration"],"fullName":"Hardware Safety Phase A — Conformance Group 1: SafetyPermitPlugin integration plugin returns permitState: denied on T2 with industrial profile → deny HARDWARE_PERMIT_REQUIRED","status":"passed","title":"plugin returns permitState: denied on T2 with industrial profile → deny HARDWARE_PERMIT_REQUIRED","duration":4.572915999999964,"failureMessages":[],"meta":{}},{"ancestorTitles":["Hardware Safety Phase A — Conformance","Group 1: SafetyPermitPlugin integration"],"fullName":"Hardware Safety Phase A — Conformance Group 1: SafetyPermitPlugin integration plugin throws → fail-open, T1 action still passes (no hardware context needed)","status":"passed","title":"plugin throws → fail-open, T1 action still passes (no hardware context needed)","duration":4.564999999999941,"failureMessages":[],"meta":{}},{"ancestorTitles":["Hardware Safety Phase A — Conformance","Group 1: SafetyPermitPlugin integration"],"fullName":"Hardware Safety Phase A — Conformance Group 1: SafetyPermitPlugin integration plugin returns undefined → falls through to request executionContext hardwareSafety","status":"passed","title":"plugin returns undefined → falls through to request executionContext hardwareSafety","duration":5.9295000000000755,"failureMessages":[],"meta":{}},{"ancestorTitles":["Hardware Safety Phase A — Conformance","Group 2: IotInterceptor hardware safety bridge"],"fullName":"Hardware Safety Phase A — Conformance Group 2: IotInterceptor hardware safety bridge MQTT estop topic payload with estop triggered → hardwareSafety populated → gateway denies","status":"passed","title":"MQTT estop topic payload with estop triggered → hardwareSafety populated → gateway denies","duration":4.234083000000055,"failureMessages":[],"meta":{}},{"ancestorTitles":["Hardware Safety Phase A — Conformance","Group 2: IotInterceptor hardware safety bridge"],"fullName":"Hardware Safety Phase A — Conformance Group 2: IotInterceptor hardware safety bridge MQTT payload with stale observedAt (6000ms ago) → HARDWARE_STATE_STALE from gateway","status":"passed","title":"MQTT payload with stale observedAt (6000ms ago) → HARDWARE_STATE_STALE from gateway","duration":3.2302080000000615,"failureMessages":[],"meta":{}},{"ancestorTitles":["Hardware Safety Phase A — Conformance","Group 2: IotInterceptor hardware safety bridge"],"fullName":"Hardware Safety Phase A — Conformance Group 2: IotInterceptor hardware safety bridge PLC cmd topic via gateway with warehouse-amr profile → T2 without safety context → deny HARDWARE_PERMIT_REQUIRED","status":"passed","title":"PLC cmd topic via gateway with warehouse-amr profile → T2 without safety context → deny HARDWARE_PERMIT_REQUIRED","duration":2.8409169999999904,"failureMessages":[],"meta":{}},{"ancestorTitles":["Hardware Safety Phase A — Conformance","Group 2: IotInterceptor hardware safety bridge"],"fullName":"Hardware Safety Phase A — Conformance Group 2: IotInterceptor hardware safety bridge actuator interlock open in hardwareSafety context → deny HARDWARE_INTERLOCK_OPEN","status":"passed","title":"actuator interlock open in hardwareSafety context → deny HARDWARE_INTERLOCK_OPEN","duration":2.672042000000033,"failureMessages":[],"meta":{}},{"ancestorTitles":["Hardware Safety Phase A — Conformance","Group 2: IotInterceptor hardware safety bridge"],"fullName":"Hardware Safety Phase A — Conformance Group 2: IotInterceptor hardware safety bridge onEstopTriggered callback fires when estop triggered in safety topic payload","status":"passed","title":"onEstopTriggered callback fires when estop triggered in safety topic payload","duration":3.382249999999999,"failureMessages":[],"meta":{}},{"ancestorTitles":["Hardware Safety Phase A — Conformance","Group 3: Fixture conformance scenarios"],"fullName":"Hardware Safety Phase A — Conformance Group 3: Fixture conformance scenarios runs all hardware-safety-handshake.v1.json fixture cases","status":"passed","title":"runs all hardware-safety-handshake.v1.json fixture cases","duration":11.114041999999927,"failureMessages":[],"meta":{}},{"ancestorTitles":["Hardware Safety Phase A — Conformance","Group 3: Fixture conformance scenarios"],"fullName":"Hardware Safety Phase A — Conformance Group 3: Fixture conformance scenarios fixture permit_missing scenario: T2 action without permit → HARDWARE_PERMIT_REQUIRED","status":"passed","title":"fixture permit_missing scenario: T2 action without permit → HARDWARE_PERMIT_REQUIRED","duration":3.3179999999999836,"failureMessages":[],"meta":{}},{"ancestorTitles":["Hardware Safety Phase A — Conformance","Group 3: Fixture conformance scenarios"],"fullName":"Hardware Safety Phase A — Conformance Group 3: Fixture conformance scenarios fixture permit_revoked_mid_action: permit:denied mid-action → deny","status":"passed","title":"fixture permit_revoked_mid_action: permit:denied mid-action → deny","duration":2.292915999999991,"failureMessages":[],"meta":{}},{"ancestorTitles":["Hardware Safety Phase A — Conformance","Group 3: Fixture conformance scenarios"],"fullName":"Hardware Safety Phase A — Conformance Group 3: Fixture conformance scenarios fixture estop_under_load: estop triggered during concurrent T2 commands → all denied","status":"passed","title":"fixture estop_under_load: estop triggered during concurrent T2 commands → all denied","duration":11.388874999999985,"failureMessages":[],"meta":{}},{"ancestorTitles":["Hardware Safety Phase A — Conformance","Group 3: Fixture conformance scenarios"],"fullName":"Hardware Safety Phase A — Conformance Group 3: Fixture conformance scenarios fixture interlock_open: guard door opened → interlock.open → deny HARDWARE_INTERLOCK_OPEN","status":"passed","title":"fixture interlock_open: guard door opened → interlock.open → deny HARDWARE_INTERLOCK_OPEN","duration":3.568667000000005,"failureMessages":[],"meta":{}},{"ancestorTitles":["Hardware Safety Phase A — Conformance","Group 3: Fixture conformance scenarios"],"fullName":"Hardware Safety Phase A — Conformance Group 3: Fixture conformance scenarios fixture reconnect_stale_cache: broker reconnect with observedAt > 5000ms → HARDWARE_STATE_STALE","status":"passed","title":"fixture reconnect_stale_cache: broker reconnect with observedAt > 5000ms → HARDWARE_STATE_STALE","duration":2.5385840000000144,"failureMessages":[],"meta":{}},{"ancestorTitles":["Hardware Safety Phase A — Conformance","Group 3: Fixture conformance scenarios"],"fullName":"Hardware Safety Phase A — Conformance Group 3: Fixture conformance scenarios fixture nominal_t2_with_permit: T2 with permit:granted, estop:clear, interlock:closed → allow/escalate","status":"passed","title":"fixture nominal_t2_with_permit: T2 with permit:granted, estop:clear, interlock:closed → allow/escalate","duration":3.9009580000000597,"failureMessages":[],"meta":{}},{"ancestorTitles":["Hardware Safety Phase A — Conformance","Group 4: Cross-bridge hardware safety consistency"],"fullName":"Hardware Safety Phase A — Conformance Group 4: Cross-bridge hardware safety consistency ROS2 bridge estop in executionContext → same deny code HARDWARE_ESTOP_ACTIVE as IoT bridge","status":"passed","title":"ROS2 bridge estop in executionContext → same deny code HARDWARE_ESTOP_ACTIVE as IoT bridge","duration":7.630540999999994,"failureMessages":[],"meta":{}},{"ancestorTitles":["Hardware Safety Phase A — Conformance","Group 4: Cross-bridge hardware safety consistency"],"fullName":"Hardware Safety Phase A — Conformance Group 4: Cross-bridge hardware safety consistency OPC-UA resource with hardware safety context → same interlock deny behavior","status":"passed","title":"OPC-UA resource with hardware safety context → same interlock deny behavior","duration":2.363707999999974,"failureMessages":[],"meta":{}},{"ancestorTitles":["Hardware Safety Phase A — Conformance","Group 4: Cross-bridge hardware safety consistency"],"fullName":"Hardware Safety Phase A — Conformance Group 4: Cross-bridge hardware safety consistency stale hardware safety state produces HARDWARE_STATE_STALE for both ROS2 and OPC-UA resources","status":"passed","title":"stale hardware safety state produces HARDWARE_STATE_STALE for both ROS2 and OPC-UA resources","duration":15.136124999999993,"failureMessages":[],"meta":{}},{"ancestorTitles":["Hardware Safety Phase A — Conformance","Group 4: Cross-bridge hardware safety consistency"],"fullName":"Hardware Safety Phase A — Conformance Group 4: Cross-bridge hardware safety consistency evidence events are emitted for each hardware safety denial","status":"passed","title":"evidence events are emitted for each hardware safety denial","duration":2.385334000000057,"failureMessages":[],"meta":{}},{"ancestorTitles":["Hardware Safety Phase A — Conformance","Group 4: Cross-bridge hardware safety consistency"],"fullName":"Hardware Safety Phase A — Conformance Group 4: Cross-bridge hardware safety consistency hardwareSafetyContextFromPayload maps MQTT payload fields to SintHardwareSafetyContext correctly","status":"passed","title":"hardwareSafetyContextFromPayload maps MQTT payload fields to SintHardwareSafetyContext correctly","duration":0.11199999999996635,"failureMessages":[],"meta":{}}],"startTime":1785561377865,"endTime":1785561377982.3853,"status":"passed","message":"","name":"/Users/pshkv/sint-protocol/packages/conformance-tests/src/hardware-safety-handshake-conformance.test.ts"},{"assertionResults":[{"ancestorTitles":["Humanoid multi-vendor fleet fixture v1"],"fullName":"Humanoid multi-vendor fleet fixture v1 declares the H4 fleet governance contract","status":"passed","title":"declares the H4 fleet governance contract","duration":2.5051669999999717,"failureMessages":[],"meta":{}},{"ancestorTitles":["Humanoid multi-vendor fleet fixture v1"],"fullName":"Humanoid multi-vendor fleet fixture v1 rejects handoff evidence that lacks an auditable receipt","status":"passed","title":"rejects handoff evidence that lacks an auditable receipt","duration":0.6834579999999733,"failureMessages":[],"meta":{}},{"ancestorTitles":["Humanoid multi-vendor fleet fixture v1"],"fullName":"Humanoid multi-vendor fleet fixture v1 denies conflicting shared-zone claims fail-closed","status":"passed","title":"denies conflicting shared-zone claims fail-closed","duration":0.35966700000000174,"failureMessages":[],"meta":{}},{"ancestorTitles":["Humanoid multi-vendor fleet fixture v1"],"fullName":"Humanoid multi-vendor fleet fixture v1 preserves equivalent high-consequence tiering across bridge replay paths","status":"passed","title":"preserves equivalent high-consequence tiering across bridge replay paths","duration":0.5586250000000064,"failureMessages":[],"meta":{}},{"ancestorTitles":["Humanoid multi-vendor fleet fixture v1"],"fullName":"Humanoid multi-vendor fleet fixture v1 maps Open-RMF shared-zone reservations into T1 prepare claims","status":"passed","title":"maps Open-RMF shared-zone reservations into T1 prepare claims","duration":0.43066699999997127,"failureMessages":[],"meta":{}},{"ancestorTitles":["Humanoid multi-vendor fleet fixture v1"],"fullName":"Humanoid multi-vendor fleet fixture v1 defines bounded audit queries for 1,000+ robot dashboard review","status":"passed","title":"defines bounded audit queries for 1,000+ robot dashboard review","duration":1.3128340000000094,"failureMessages":[],"meta":{}}],"startTime":1785561379806,"endTime":1785561379812.3127,"status":"passed","message":"","name":"/Users/pshkv/sint-protocol/packages/conformance-tests/src/humanoid-multivendor-fleet-conformance.test.ts"},{"assertionResults":[{"ancestorTitles":["Humanoid profile fixture v1"],"fullName":"Humanoid profile fixture v1 declares the humanoid integration contract","status":"passed","title":"declares the humanoid integration contract","duration":3.6190829999999323,"failureMessages":[],"meta":{}},{"ancestorTitles":["Humanoid profile fixture v1"],"fullName":"Humanoid profile fixture v1 enforces canonical humanoid resources through PolicyGateway.intercept","status":"passed","title":"enforces canonical humanoid resources through PolicyGateway.intercept","duration":49.951584000000025,"failureMessages":[],"meta":{}},{"ancestorTitles":["Humanoid profile fixture v1"],"fullName":"Humanoid profile fixture v1 keeps ROS2 and Open-RMF mappings equivalent to humanoid intents","status":"passed","title":"keeps ROS2 and Open-RMF mappings equivalent to humanoid intents","duration":43.694458000000054,"failureMessages":[],"meta":{}},{"ancestorTitles":["Humanoid profile fixture v1"],"fullName":"Humanoid profile fixture v1 requires handoff intents to declare auditable receipt semantics","status":"passed","title":"requires handoff intents to declare auditable receipt semantics","duration":0.14487500000007003,"failureMessages":[],"meta":{}}],"startTime":1785561377276,"endTime":1785561377374.1448,"status":"passed","message":"","name":"/Users/pshkv/sint-protocol/packages/conformance-tests/src/humanoid-profile-conformance.test.ts"},{"assertionResults":[{"ancestorTitles":["Humanoid warehouse pilot fixture v1"],"fullName":"Humanoid warehouse pilot fixture v1 declares a 10-50 robot warehouse/RaaS pilot scope","status":"passed","title":"declares a 10-50 robot warehouse/RaaS pilot scope","duration":1.177082999999982,"failureMessages":[],"meta":{}},{"ancestorTitles":["Humanoid warehouse pilot fixture v1"],"fullName":"Humanoid warehouse pilot fixture v1 exports required per-shift audit fields from hash-chained ledger events","status":"passed","title":"exports required per-shift audit fields from hash-chained ledger events","duration":41.41458299999999,"failureMessages":[],"meta":{}},{"ancestorTitles":["Humanoid warehouse pilot fixture v1"],"fullName":"Humanoid warehouse pilot fixture v1 requires T2/T3 rows to carry approval, denial, incident, or rollback evidence","status":"passed","title":"requires T2/T3 rows to carry approval, denial, incident, or rollback evidence","duration":0.23670800000002146,"failureMessages":[],"meta":{}},{"ancestorTitles":["Humanoid warehouse pilot fixture v1"],"fullName":"Humanoid warehouse pilot fixture v1 requires humanoid-to-AMR handoff rows to carry handoff receipts","status":"passed","title":"requires humanoid-to-AMR handoff rows to carry handoff receipts","duration":0.18337500000001228,"failureMessages":[],"meta":{}},{"ancestorTitles":["Humanoid warehouse pilot fixture v1"],"fullName":"Humanoid warehouse pilot fixture v1 requires e-stop evidence to include incident and rollback context","status":"passed","title":"requires e-stop evidence to include incident and rollback context","duration":0.16358399999995754,"failureMessages":[],"meta":{}}],"startTime":1785561378986,"endTime":1785561379030.1636,"status":"passed","message":"","name":"/Users/pshkv/sint-protocol/packages/conformance-tests/src/humanoid-warehouse-pilot-conformance.test.ts"},{"assertionResults":[{"ancestorTitles":["Industrial Benchmark Scenarios"],"fullName":"Industrial Benchmark Scenarios human enters aisle: cmd_vel request escalates to T3","status":"passed","title":"human enters aisle: cmd_vel request escalates to T3","duration":37.186874999999986,"failureMessages":[],"meta":{}},{"ancestorTitles":["Industrial Benchmark Scenarios"],"fullName":"Industrial Benchmark Scenarios stale corridor request is deterministically denied","status":"passed","title":"stale corridor request is deterministically denied","duration":27.11783300000002,"failureMessages":[],"meta":{}},{"ancestorTitles":["Industrial Benchmark Scenarios"],"fullName":"Industrial Benchmark Scenarios revocation under load never fails open","status":"passed","title":"revocation under load never fails open","duration":87.31820799999997,"failureMessages":[],"meta":{}},{"ancestorTitles":["Industrial Benchmark Scenarios"],"fullName":"Industrial Benchmark Scenarios safety-zone breach is deterministically denied","status":"passed","title":"safety-zone breach is deterministically denied","duration":2.805125000000089,"failureMessages":[],"meta":{}},{"ancestorTitles":["Industrial Benchmark Scenarios"],"fullName":"Industrial Benchmark Scenarios model swap against token modelConstraints is denied","status":"passed","title":"model swap against token modelConstraints is denied","duration":2.612707999999998,"failureMessages":[],"meta":{}},{"ancestorTitles":["Industrial Benchmark Scenarios"],"fullName":"Industrial Benchmark Scenarios edge disconnect never allows T2/T3 fail-open behavior","status":"passed","title":"edge disconnect never allows T2/T3 fail-open behavior","duration":2.666917000000012,"failureMessages":[],"meta":{}},{"ancestorTitles":["Industrial Benchmark Scenarios"],"fullName":"Industrial Benchmark Scenarios multi-fleet conflict path escalates to T3 with approval quorum","status":"passed","title":"multi-fleet conflict path escalates to T3 with approval quorum","duration":19.641791999999896,"failureMessages":[],"meta":{}}],"startTime":1785561378023,"endTime":1785561378202.6418,"status":"passed","message":"","name":"/Users/pshkv/sint-protocol/packages/conformance-tests/src/industrial-benchmark-scenarios.test.ts"},{"assertionResults":[{"ancestorTitles":["Industrial cell safety pack fixture v1"],"fullName":"Industrial cell safety pack fixture v1 declares support-only safety-case boundaries","status":"passed","title":"declares support-only safety-case boundaries","duration":1.8318749999999682,"failureMessages":[],"meta":{}},{"ancestorTitles":["Industrial cell safety pack fixture v1"],"fullName":"Industrial cell safety pack fixture v1 defines industrial policy templates with hardware safety requirements","status":"passed","title":"defines industrial policy templates with hardware safety requirements","duration":1.2736250000000382,"failureMessages":[],"meta":{}},{"ancestorTitles":["Industrial cell safety pack fixture v1"],"fullName":"Industrial cell safety pack fixture v1 covers guard-door interlock, zone occupancy, permit revocation, and e-stop scenarios","status":"passed","title":"covers guard-door interlock, zone occupancy, permit revocation, and e-stop scenarios","duration":0.2911250000000223,"failureMessages":[],"meta":{}},{"ancestorTitles":["Industrial cell safety pack fixture v1"],"fullName":"Industrial cell safety pack fixture v1 maps safety-controller OPC UA resources into high-consequence handling","status":"passed","title":"maps safety-controller OPC UA resources into high-consequence handling","duration":0.5422080000000165,"failureMessages":[],"meta":{}},{"ancestorTitles":["Industrial cell safety pack fixture v1"],"fullName":"Industrial cell safety pack fixture v1 exports FMEA rows that reference executable scenarios and evidence fields","status":"passed","title":"exports FMEA rows that reference executable scenarios and evidence fields","duration":0.40537499999999227,"failureMessages":[],"meta":{}},{"ancestorTitles":["Industrial cell safety pack fixture v1"],"fullName":"Industrial cell safety pack fixture v1 anchors timing report to hardware permit and e-stop KPIs","status":"passed","title":"anchors timing report to hardware permit and e-stop KPIs","duration":0.38837499999999636,"failureMessages":[],"meta":{}},{"ancestorTitles":["Industrial cell safety pack fixture v1"],"fullName":"Industrial cell safety pack fixture v1 keeps SOTIF / ISO 26262 language as alignment support, not certification","status":"passed","title":"keeps SOTIF / ISO 26262 language as alignment support, not certification","duration":0.2893750000000068,"failureMessages":[],"meta":{}}],"startTime":1785561379327,"endTime":1785561379332.3884,"status":"passed","message":"","name":"/Users/pshkv/sint-protocol/packages/conformance-tests/src/industrial-cell-safety-pack-conformance.test.ts"},{"assertionResults":[{"ancestorTitles":["Industrial humanoid shipyard safety pack fixture v1"],"fullName":"Industrial humanoid shipyard safety pack fixture v1 declares the shipyard humanoid scope and keeps certification boundaries explicit","status":"passed","title":"declares the shipyard humanoid scope and keeps certification boundaries explicit","duration":2.6417920000000095,"failureMessages":[],"meta":{}},{"ancestorTitles":["Industrial humanoid shipyard safety pack fixture v1"],"fullName":"Industrial humanoid shipyard safety pack fixture v1 defines shipyard policy templates for hot work, confined spaces, material handling, and inspection","status":"passed","title":"defines shipyard policy templates for hot work, confined spaces, material handling, and inspection","duration":0.7978750000000332,"failureMessages":[],"meta":{}},{"ancestorTitles":["Industrial humanoid shipyard safety pack fixture v1"],"fullName":"Industrial humanoid shipyard safety pack fixture v1 covers the minimum shipyard hazard scenarios with deterministic decisions","status":"passed","title":"covers the minimum shipyard hazard scenarios with deterministic decisions","duration":0.6100839999999721,"failureMessages":[],"meta":{}},{"ancestorTitles":["Industrial humanoid shipyard safety pack fixture v1"],"fullName":"Industrial humanoid shipyard safety pack fixture v1 requires receipts for every shipyard outcome and high-consequence action","status":"passed","title":"requires receipts for every shipyard outcome and high-consequence action","duration":0.6490000000000009,"failureMessages":[],"meta":{}},{"ancestorTitles":["Industrial humanoid shipyard safety pack fixture v1"],"fullName":"Industrial humanoid shipyard safety pack fixture v1 binds simulation receipts to offline welding program digests","status":"passed","title":"binds simulation receipts to offline welding program digests","duration":0.20829099999997425,"failureMessages":[],"meta":{}},{"ancestorTitles":["Industrial humanoid shipyard safety pack fixture v1"],"fullName":"Industrial humanoid shipyard safety pack fixture v1 defines ABS-style evidence export fields and data quality rules","status":"passed","title":"defines ABS-style evidence export fields and data quality rules","duration":0.1668329999999969,"failureMessages":[],"meta":{}},{"ancestorTitles":["Industrial humanoid shipyard safety pack fixture v1"],"fullName":"Industrial humanoid shipyard safety pack fixture v1 exports FMEA rows tied to executable scenarios","status":"passed","title":"exports FMEA rows tied to executable scenarios","duration":1.838957999999991,"failureMessages":[],"meta":{}},{"ancestorTitles":["Industrial humanoid shipyard safety pack fixture v1"],"fullName":"Industrial humanoid shipyard safety pack fixture v1 keeps the sprint plan complete enough for execution tracking","status":"passed","title":"keeps the sprint plan complete enough for execution tracking","duration":0.19137500000005048,"failureMessages":[],"meta":{}}],"startTime":1785561379386,"endTime":1785561379393.8389,"status":"passed","message":"","name":"/Users/pshkv/sint-protocol/packages/conformance-tests/src/industrial-humanoid-shipyard-safety-pack-conformance.test.ts"},{"assertionResults":[{"ancestorTitles":["Industrial Interoperability Conformance"],"fullName":"Industrial Interoperability Conformance warehouse move intent yields equivalent tiering for RMF->ROS2 and Sparkplug paths","status":"passed","title":"warehouse move intent yields equivalent tiering for RMF->ROS2 and Sparkplug paths","duration":30.665457999999944,"failureMessages":[],"meta":{}},{"ancestorTitles":["Industrial Interoperability Conformance"],"fullName":"Industrial Interoperability Conformance A2A -> Open-RMF dispatch path maps into the same gateway approval semantics","status":"passed","title":"A2A -> Open-RMF dispatch path maps into the same gateway approval semantics","duration":13.642333000000008,"failureMessages":[],"meta":{}},{"ancestorTitles":["Industrial Interoperability Conformance"],"fullName":"Industrial Interoperability Conformance Gazebo model-scoped cmd_vel maps to equivalent ROS2 control-tier semantics","status":"passed","title":"Gazebo model-scoped cmd_vel maps to equivalent ROS2 control-tier semantics","duration":6.61099999999999,"failureMessages":[],"meta":{}},{"ancestorTitles":["Industrial Interoperability Conformance"],"fullName":"Industrial Interoperability Conformance Isaac Sim namespaced cmd_vel maps to equivalent ROS2 control-tier semantics","status":"passed","title":"Isaac Sim namespaced cmd_vel maps to equivalent ROS2 control-tier semantics","duration":16.373458000000028,"failureMessages":[],"meta":{}}],"startTime":1785561377954,"endTime":1785561378021.3735,"status":"passed","message":"","name":"/Users/pshkv/sint-protocol/packages/conformance-tests/src/industrial-interoperability.test.ts"},{"assertionResults":[{"ancestorTitles":["Kinetic envelope conformance vectors"],"fullName":"Kinetic envelope conformance vectors loads the ROS2 reference fixture with the unknown-capacity clamp case","status":"passed","title":"loads the ROS2 reference fixture with the unknown-capacity clamp case","duration":1.336541000000011,"failureMessages":[],"meta":{}},{"ancestorTitles":["Kinetic envelope conformance vectors"],"fullName":"Kinetic envelope conformance vectors V1-cmd_vel-safe: produces the expected decision surface","status":"passed","title":"V1-cmd_vel-safe: produces the expected decision surface","duration":1.6568340000000035,"failureMessages":[],"meta":{}},{"ancestorTitles":["Kinetic envelope conformance vectors"],"fullName":"Kinetic envelope conformance vectors V2-cmd_vel-near-margin: produces the expected decision surface","status":"passed","title":"V2-cmd_vel-near-margin: produces the expected decision surface","duration":0.650792000000024,"failureMessages":[],"meta":{}},{"ancestorTitles":["Kinetic envelope conformance vectors"],"fullName":"Kinetic envelope conformance vectors V3-human-near: produces the expected decision surface","status":"passed","title":"V3-human-near: produces the expected decision surface","duration":0.2502089999999839,"failureMessages":[],"meta":{}},{"ancestorTitles":["Kinetic envelope conformance vectors"],"fullName":"Kinetic envelope conformance vectors V4-force-over-limit: produces the expected decision surface","status":"passed","title":"V4-force-over-limit: produces the expected decision surface","duration":0.42458399999998164,"failureMessages":[],"meta":{}},{"ancestorTitles":["Kinetic envelope conformance vectors"],"fullName":"Kinetic envelope conformance vectors V5-obstacle-proximity: produces the expected decision surface","status":"passed","title":"V5-obstacle-proximity: produces the expected decision surface","duration":0.3618329999999901,"failureMessages":[],"meta":{}},{"ancestorTitles":["Kinetic envelope conformance vectors"],"fullName":"Kinetic envelope conformance vectors V6-torque-over-limit: produces the expected decision surface","status":"passed","title":"V6-torque-over-limit: produces the expected decision surface","duration":0.15562499999998636,"failureMessages":[],"meta":{}},{"ancestorTitles":["Kinetic envelope conformance vectors"],"fullName":"Kinetic envelope conformance vectors V7-novel-workspace-unknown-capacity: produces the expected decision surface","status":"passed","title":"V7-novel-workspace-unknown-capacity: produces the expected decision surface","duration":0.148208000000011,"failureMessages":[],"meta":{}}],"startTime":1785561379376,"endTime":1785561379381.1555,"status":"passed","message":"","name":"/Users/pshkv/sint-protocol/packages/conformance-tests/src/kinetic-envelope-conformance.test.ts"},{"assertionResults":[{"ancestorTitles":["LeRobot policy actuation receipts fixture v1"],"fullName":"LeRobot policy actuation receipts fixture v1 declares a project-neutral collaboration scope","status":"passed","title":"declares a project-neutral collaboration scope","duration":1.0921669999999608,"failureMessages":[],"meta":{}},{"ancestorTitles":["LeRobot policy actuation receipts fixture v1"],"fullName":"LeRobot policy actuation receipts fixture v1 defines receipt fields that bind checkpoint, dataset lineage, and hardware profile","status":"passed","title":"defines receipt fields that bind checkpoint, dataset lineage, and hardware profile","duration":0.7431250000000205,"failureMessages":[],"meta":{}},{"ancestorTitles":["LeRobot policy actuation receipts fixture v1"],"fullName":"LeRobot policy actuation receipts fixture v1 derives expected resources from engine and ROS 2 boundaries","status":"passed","title":"derives expected resources from engine and ROS 2 boundaries","duration":0.24345799999997553,"failureMessages":[],"meta":{}},{"ancestorTitles":["LeRobot policy actuation receipts fixture v1"],"fullName":"LeRobot policy actuation receipts fixture v1 keeps rollout staging below live execution","status":"passed","title":"keeps rollout staging below live execution","duration":0.27962500000001,"failureMessages":[],"meta":{}},{"ancestorTitles":["LeRobot policy actuation receipts fixture v1"],"fullName":"LeRobot policy actuation receipts fixture v1 models human-workspace escalation for learned actuation","status":"passed","title":"models human-workspace escalation for learned actuation","duration":0.625082999999961,"failureMessages":[],"meta":{}},{"ancestorTitles":["LeRobot policy actuation receipts fixture v1"],"fullName":"LeRobot policy actuation receipts fixture v1 rejects silent checkpoint swaps after rollout approval","status":"passed","title":"rejects silent checkpoint swaps after rollout approval","duration":0.24900000000002365,"failureMessages":[],"meta":{}},{"ancestorTitles":["LeRobot policy actuation receipts fixture v1"],"fullName":"LeRobot policy actuation receipts fixture v1 keeps all outcomes receipt-backed","status":"passed","title":"keeps all outcomes receipt-backed","duration":0.1765420000000404,"failureMessages":[],"meta":{}}],"startTime":1785561380090,"endTime":1785561380094.249,"status":"passed","message":"","name":"/Users/pshkv/sint-protocol/packages/conformance-tests/src/lerobot-policy-actuation-receipts-conformance.test.ts"},{"assertionResults":[{"ancestorTitles":["Manufacturing execution envelope conformance"],"fullName":"Manufacturing execution envelope conformance allows matching manufacturing execution evidence","status":"passed","title":"allows matching manufacturing execution evidence","duration":30.211457999999993,"failureMessages":[],"meta":{}},{"ancestorTitles":["Manufacturing execution envelope conformance"],"fullName":"Manufacturing execution envelope conformance denies an inspection receipt whose calibration is stale","status":"passed","title":"denies an inspection receipt whose calibration is stale","duration":5.080624999999941,"failureMessages":[],"meta":{}},{"ancestorTitles":["Manufacturing execution envelope conformance"],"fullName":"Manufacturing execution envelope conformance denies a program digest mismatch","status":"passed","title":"denies a program digest mismatch","duration":4.20941700000003,"failureMessages":[],"meta":{}},{"ancestorTitles":["Manufacturing execution envelope conformance"],"fullName":"Manufacturing execution envelope conformance denies when required inspection evidence is stale","status":"passed","title":"denies when required inspection evidence is stale","duration":3.2392920000000913,"failureMessages":[],"meta":{}}],"startTime":1785561378938,"endTime":1785561378980.2393,"status":"passed","message":"","name":"/Users/pshkv/sint-protocol/packages/conformance-tests/src/manufacturing-execution-envelope-conformance.test.ts"},{"assertionResults":[{"ancestorTitles":["MCP Attack Surface — SINT mitigation coverage"],"fullName":"MCP Attack Surface — SINT mitigation coverage ASI01. Tool name spoofing: readFile session cannot call writeFile on a different server","status":"passed","title":"ASI01. Tool name spoofing: readFile session cannot call writeFile on a different server","duration":17.90462500000001,"failureMessages":[],"meta":{}},{"ancestorTitles":["MCP Attack Surface — SINT mitigation coverage"],"fullName":"MCP Attack Surface — SINT mitigation coverage ASI02. Description injection in tool params must not influence tier assignment","status":"passed","title":"ASI02. Description injection in tool params must not influence tier assignment","duration":8.813541999999984,"failureMessages":[],"meta":{}},{"ancestorTitles":["MCP Attack Surface — SINT mitigation coverage"],"fullName":"MCP Attack Surface — SINT mitigation coverage ASI03. exec/* resource (canonical shell escalation) must be assigned T3_COMMIT","status":"passed","title":"ASI03. exec/* resource (canonical shell escalation) must be assigned T3_COMMIT","duration":5.506208000000015,"failureMessages":[],"meta":{}},{"ancestorTitles":["MCP Attack Surface — SINT mitigation coverage"],"fullName":"MCP Attack Surface — SINT mitigation coverage ASI04. Token scoped to filesystem/* must be denied for exec/* resource","status":"passed","title":"ASI04. Token scoped to filesystem/* must be denied for exec/* resource","duration":3.383625000000052,"failureMessages":[],"meta":{}},{"ancestorTitles":["MCP Attack Surface — SINT mitigation coverage"],"fullName":"MCP Attack Surface — SINT mitigation coverage ASI05. Rate limit exhaustion: (maxCalls+1)th call must be denied","status":"passed","title":"ASI05. Rate limit exhaustion: (maxCalls+1)th call must be denied","duration":23.35495800000001,"failureMessages":[],"meta":{}},{"ancestorTitles":["MCP Attack Surface — SINT mitigation coverage"],"fullName":"MCP Attack Surface — SINT mitigation coverage ASI06. Token delegated beyond max depth (3) must be rejected","status":"passed","title":"ASI06. Token delegated beyond max depth (3) must be rejected","duration":18.68633299999999,"failureMessages":[],"meta":{}},{"ancestorTitles":["MCP Attack Surface — SINT mitigation coverage"],"fullName":"MCP Attack Surface — SINT mitigation coverage ASI07. Expired token must be denied on replay","status":"passed","title":"ASI07. Expired token must be denied on replay","duration":5.064875000000029,"failureMessages":[],"meta":{}},{"ancestorTitles":["MCP Attack Surface — SINT mitigation coverage"],"fullName":"MCP Attack Surface — SINT mitigation coverage ASI08. Revoked token must be denied even if not yet expired","status":"passed","title":"ASI08. Revoked token must be denied even if not yet expired","duration":1.3491670000000795,"failureMessages":[],"meta":{}},{"ancestorTitles":["MCP Attack Surface — SINT mitigation coverage"],"fullName":"MCP Attack Surface — SINT mitigation coverage ASI09. Sequential filesystem.write → exec.run combo must trigger forbidden detection","status":"passed","title":"ASI09. Sequential filesystem.write → exec.run combo must trigger forbidden detection","duration":1.133874999999989,"failureMessages":[],"meta":{}},{"ancestorTitles":["MCP Attack Surface — SINT mitigation coverage"],"fullName":"MCP Attack Surface — SINT mitigation coverage ASI10. Mismatched model fingerprint must be denied pre-execution","status":"passed","title":"ASI10. Mismatched model fingerprint must be denied pre-execution","duration":4.963375000000042,"failureMessages":[],"meta":{}}],"startTime":1785561377937,"endTime":1785561378027.9634,"status":"passed","message":"","name":"/Users/pshkv/sint-protocol/packages/conformance-tests/src/mcp-attack-surface.test.ts"},{"assertionResults":[{"ancestorTitles":["Mission Authority heterogeneous fleet conformance"],"fullName":"Mission Authority heterogeneous fleet conformance commits every authority-bearing field to the policy hash","status":"passed","title":"commits every authority-bearing field to the policy hash","duration":2.753582999999992,"failureMessages":[],"meta":{}},{"ancestorTitles":["Mission Authority heterogeneous fleet conformance"],"fullName":"Mission Authority heterogeneous fleet conformance requires every delegated manifest to attenuate parent authority","status":"passed","title":"requires every delegated manifest to attenuate parent authority","duration":0.7649579999999787,"failureMessages":[],"meta":{}},{"ancestorTitles":["Mission Authority heterogeneous fleet conformance"],"fullName":"Mission Authority heterogeneous fleet conformance applies the same authority contract to PX4 and ROS 2 platforms","status":"passed","title":"applies the same authority contract to PX4 and ROS 2 platforms","duration":0.24612500000000637,"failureMessages":[],"meta":{}},{"ancestorTitles":["Mission Authority heterogeneous fleet conformance"],"fullName":"Mission Authority heterogeneous fleet conformance fails closed for compromised autonomy and communications loss","status":"passed","title":"fails closed for compromised autonomy and communications loss","duration":0.2044169999999781,"failureMessages":[],"meta":{}}],"startTime":1785561379708,"endTime":1785561379712.2043,"status":"passed","message":"","name":"/Users/pshkv/sint-protocol/packages/conformance-tests/src/mission-authority-conformance.test.ts"},{"assertionResults":[{"ancestorTitles":["Mission Authority reference gateway readiness"],"fullName":"Mission Authority reference gateway readiness declares the public reference path and keeps every referenced file present","status":"passed","title":"declares the public reference path and keeps every referenced file present","duration":1.115083000000027,"failureMessages":[],"meta":{}},{"ancestorTitles":["Mission Authority reference gateway readiness"],"fullName":"Mission Authority reference gateway readiness keeps package scripts aligned with the documented runnable commands","status":"passed","title":"keeps package scripts aligned with the documented runnable commands","duration":0.5092500000000086,"failureMessages":[],"meta":{}},{"ancestorTitles":["Mission Authority reference gateway readiness"],"fullName":"Mission Authority reference gateway readiness requires the full pilot-readiness gate set before the reference path is called ready","status":"passed","title":"requires the full pilot-readiness gate set before the reference path is called ready","duration":1.458250000000021,"failureMessages":[],"meta":{}},{"ancestorTitles":["Mission Authority reference gateway readiness"],"fullName":"Mission Authority reference gateway readiness keeps the guide tied to the same gates, commands, and negative drills","status":"passed","title":"keeps the guide tied to the same gates, commands, and negative drills","duration":1.0331669999999917,"failureMessages":[],"meta":{}},{"ancestorTitles":["Mission Authority reference gateway readiness"],"fullName":"Mission Authority reference gateway readiness preserves the public-data boundary and does not present the slice as live hardware","status":"passed","title":"preserves the public-data boundary and does not present the slice as live hardware","duration":0.2659580000000119,"failureMessages":[],"meta":{}}],"startTime":1785561379331,"endTime":1785561379335.2659,"status":"passed","message":"","name":"/Users/pshkv/sint-protocol/packages/conformance-tests/src/mission-authority-reference-gateway-conformance.test.ts"},{"assertionResults":[{"ancestorTitles":["Mission Authority reference slice conformance"],"fullName":"Mission Authority reference slice conformance runs register, evaluate, claim, dispatch, edge execution, and outcome finalization","status":"passed","title":"runs register, evaluate, claim, dispatch, edge execution, and outcome finalization","duration":55.54779200000007,"failureMessages":[],"meta":{}}],"startTime":1785561377142,"endTime":1785561377197.5479,"status":"passed","message":"","name":"/Users/pshkv/sint-protocol/packages/conformance-tests/src/mission-authority-reference-slice-conformance.test.ts"},{"assertionResults":[{"ancestorTitles":["Mission Authority release-lane evidence"],"fullName":"Mission Authority release-lane evidence declares the release lane and exact green commands","status":"passed","title":"declares the release lane and exact green commands","duration":0.9745829999999955,"failureMessages":[],"meta":{}},{"ancestorTitles":["M
[...]
99682,"failureMessages":[],"meta":{}},{"ancestorTitles":["PX4 ULog correlation artifact fixture v1"],"fullName":"PX4 ULog correlation artifact fixture v1 contains all required top-level fields","status":"passed","title":"contains all required top-level fields","duration":0.37066700000002584,"failureMessages":[],"meta":{}},{"ancestorTitles":["PX4 ULog correlation artifact fixture v1"],"fullName":"PX4 ULog correlation artifact fixture v1 binds policy decision and telemetry evidence with verifiable digests","status":"passed","title":"binds policy decision and telemetry evidence with verifiable digests","duration":0.2363330000000019,"failureMessages":[],"meta":{}},{"ancestorTitles":["PX4 ULog correlation artifact fixture v1"],"fullName":"PX4 ULog correlation artifact fixture v1 declares a bounded correlation window and timing threshold","status":"passed","title":"declares a bounded correlation window and timing threshold","duration":0.12708299999997053,"failureMessages":[],"meta":{}}],"startTime":1785561380080,"endTime":1785561380081.2363,"status":"passed","message":"","name":"/Users/pshkv/sint-protocol/packages/conformance-tests/src/px4-ulog-correlation-artifact-conformance.test.ts"},{"assertionResults":[{"ancestorTitles":["Regulated agent runtime profile fixture v1"],"fullName":"Regulated agent runtime profile fixture v1 declares conservative runtime-control boundaries","status":"passed","title":"declares conservative runtime-control boundaries","duration":1.3635830000000055,"failureMessages":[],"meta":{}},{"ancestorTitles":["Regulated agent runtime profile fixture v1"],"fullName":"Regulated agent runtime profile fixture v1 covers the governed runtime surfaces expected in an agent control plane","status":"passed","title":"covers the governed runtime surfaces expected in an agent control plane","duration":0.5743750000000034,"failureMessages":[],"meta":{}},{"ancestorTitles":["Regulated agent runtime profile fixture v1"],"fullName":"Regulated agent runtime profile fixture v1 minimizes sensitive evidence for regulated data classes","status":"passed","title":"minimizes sensitive evidence for regulated data classes","duration":0.6473340000000007,"failureMessages":[],"meta":{}},{"ancestorTitles":["Regulated agent runtime profile fixture v1"],"fullName":"Regulated agent runtime profile fixture v1 evaluates allow, deny, transform, and escalate decisions from the fixture","status":"passed","title":"evaluates allow, deny, transform, and escalate decisions from the fixture","duration":0.8502909999999986,"failureMessages":[],"meta":{}},{"ancestorTitles":["Regulated agent runtime profile fixture v1"],"fullName":"Regulated agent runtime profile fixture v1 requires receipts for processor, residency, minimization, and fallback decisions","status":"passed","title":"requires receipts for processor, residency, minimization, and fallback decisions","duration":1.1085000000000207,"failureMessages":[],"meta":{}},{"ancestorTitles":["Regulated agent runtime profile fixture v1"],"fullName":"Regulated agent runtime profile fixture v1 keeps delegated context attenuation-only","status":"passed","title":"keeps delegated context attenuation-only","duration":0.1857920000000206,"failureMessages":[],"meta":{}},{"ancestorTitles":["Regulated agent runtime profile fixture v1"],"fullName":"Regulated agent runtime profile fixture v1 binds regulated data authority to signed token policy","status":"passed","title":"binds regulated data authority to signed token policy","duration":0.1349170000000015,"failureMessages":[],"meta":{}},{"ancestorTitles":["Regulated agent runtime profile fixture v1"],"fullName":"Regulated agent runtime profile fixture v1 requires regulated data delegation to attenuate token-bound authority","status":"passed","title":"requires regulated data delegation to attenuate token-bound authority","duration":0.22979200000000333,"failureMessages":[],"meta":{}},{"ancestorTitles":["Regulated agent runtime profile fixture v1"],"fullName":"Regulated agent runtime profile fixture v1 denies or reroutes unsafe processor, region, and model paths","status":"passed","title":"denies or reroutes unsafe processor, region, and model paths","duration":0.3777080000000126,"failureMessages":[],"meta":{}}],"startTime":1785561378917,"endTime":1785561378923.3777,"status":"passed","message":"","name":"/Users/pshkv/sint-protocol/packages/conformance-tests/src/regulated-agent-runtime-conformance.test.ts"},{"assertionResults":[{"ancestorTitles":["Regulated consent extensions fixture v1"],"fullName":"Regulated consent extensions fixture v1 declares experimental regulated-domain boundaries","status":"passed","title":"declares experimental regulated-domain boundaries","duration":1.207791000000043,"failureMessages":[],"meta":{}},{"ancestorTitles":["Regulated consent extensions fixture v1"],"fullName":"Regulated consent extensions fixture v1 defines a multimodal consent event schema with minimized evidence","status":"passed","title":"defines a multimodal consent event schema with minimized evidence","duration":1.5278340000000412,"failureMessages":[],"meta":{}},{"ancestorTitles":["Regulated consent extensions fixture v1"],"fullName":"Regulated consent extensions fixture v1 keeps consent scopes token-bound, time-bounded, and revocable","status":"passed","title":"keeps consent scopes token-bound, time-bounded, and revocable","duration":1.570416000000023,"failureMessages":[],"meta":{}},{"ancestorTitles":["Regulated consent extensions fixture v1"],"fullName":"Regulated consent extensions fixture v1 denies actions after consent revocation","status":"passed","title":"denies actions after consent revocation","duration":0.7120830000000069,"failureMessages":[],"meta":{}},{"ancestorTitles":["Regulated consent extensions fixture v1"],"fullName":"Regulated consent extensions fixture v1 forbids raw camera, microphone, and biometric evidence in audit rows","status":"passed","title":"forbids raw camera, microphone, and biometric evidence in audit rows","duration":0.7188750000000255,"failureMessages":[],"meta":{}},{"ancestorTitles":["Regulated consent extensions fixture v1"],"fullName":"Regulated consent extensions fixture v1 marks home and medical incident export prototypes as experimental","status":"passed","title":"marks home and medical incident export prototypes as experimental","duration":0.3139590000000112,"failureMessages":[],"meta":{}}],"startTime":1785561379380,"endTime":1785561379386.314,"status":"passed","message":"","name":"/Users/pshkv/sint-protocol/packages/conformance-tests/src/regulated-consent-extensions-conformance.test.ts"},{"assertionResults":[{"ancestorTitles":["ROS2 + Agent Multi-Agent Scenarios"],"fullName":"ROS2 + Agent Multi-Agent Scenarios S1. Two agents on /cmd_vel within constraints both get escalated (T2_ACT requires review)","status":"passed","title":"S1. Two agents on /cmd_vel within constraints both get escalated (T2_ACT requires review)","duration":26.156207999999992,"failureMessages":[],"meta":{}},{"ancestorTitles":["ROS2 + Agent Multi-Agent Scenarios"],"fullName":"ROS2 + Agent Multi-Agent Scenarios S2. Agent exceeding velocity limit is denied; compliant agent escalates normally","status":"passed","title":"S2. Agent exceeding velocity limit is denied; compliant agent escalates normally","duration":8.734459000000015,"failureMessages":[],"meta":{}},{"ancestorTitles":["ROS2 + Agent Multi-Agent Scenarios"],"fullName":"ROS2 + Agent Multi-Agent Scenarios S3. Sequential stop then move command is processed correctly (T2 escalation)","status":"passed","title":"S3. Sequential stop then move command is processed correctly (T2 escalation)","duration":9.996458999999959,"failureMessages":[],"meta":{}},{"ancestorTitles":["ROS2 + Agent Multi-Agent Scenarios"],"fullName":"ROS2 + Agent Multi-Agent Scenarios S4. Emergency stop publish reaches gateway and is not silently dropped","status":"passed","title":"S4. Emergency stop publish reaches gateway and is not silently dropped","duration":5.341750000000047,"failureMessages":[],"meta":{}},{"ancestorTitles":["ROS2 + Agent Multi-Agent Scenarios"],"fullName":"ROS2 + Agent Multi-Agent Scenarios S5. Agent commanding motion outside geofence polygon is denied or escalated","status":"passed","title":"S5. Agent commanding motion outside geofence polygon is denied or escalated","duration":9.237833000000023,"failureMessages":[],"meta":{}},{"ancestorTitles":["ROS2 + Agent Multi-Agent Scenarios"],"fullName":"ROS2 + Agent Multi-Agent Scenarios S6. Multiple T0 sensor reads from different agents all return forward","status":"passed","title":"S6. Multiple T0 sensor reads from different agents all return forward","duration":8.06958300000008,"failureMessages":[],"meta":{}},{"ancestorTitles":["ROS2 + Agent Multi-Agent Scenarios"],"fullName":"ROS2 + Agent Multi-Agent Scenarios S7. Gripper service call escalates to T2_ACT and ledger records event with intact chain","status":"passed","title":"S7. Gripper service call escalates to T2_ACT and ledger records event with intact chain","duration":2.8957080000000133,"failureMessages":[],"meta":{}},{"ancestorTitles":["ROS2 + Agent Multi-Agent Scenarios"],"fullName":"ROS2 + Agent Multi-Agent Scenarios S8. Fleet manager delegates to robot; robot is denied if exceeding delegated velocity constraint","status":"passed","title":"S8. Fleet manager delegates to robot; robot is denied if exceeding delegated velocity constraint","duration":6.869916000000103,"failureMessages":[],"meta":{}}],"startTime":1785561377262,"endTime":1785561377339.8699,"status":"passed","message":"","name":"/Users/pshkv/sint-protocol/packages/conformance-tests/src/ros2-agent-scenarios.test.ts"},{"assertionResults":[{"ancestorTitles":["ROS2 control-loop latency"],"fullName":"ROS2 control-loop latency cmd_vel gateway path stays below 10ms p99","status":"passed","title":"cmd_vel gateway path stays below 10ms p99","duration":1766.360042,"failureMessages":[],"meta":{}}],"startTime":1785561377173,"endTime":1785561378939.36,"status":"passed","message":"","name":"/Users/pshkv/sint-protocol/packages/conformance-tests/src/ros2-control-loop-latency.test.ts"},{"assertionResults":[{"ancestorTitles":["Security and IoT Fixture Conformance"],"fullName":"Security and IoT Fixture Conformance supply-chain fixture enforces deny-on-high and warn-on-medium semantics","status":"passed","title":"supply-chain fixture enforces deny-on-high and warn-on-medium semantics","duration":78.94620800000001,"failureMessages":[],"meta":{}},{"ancestorTitles":["Security and IoT Fixture Conformance"],"fullName":"Security and IoT Fixture Conformance mqtt session fixture enforces tiered gateway action and fail-closed forwarding","status":"passed","title":"mqtt session fixture enforces tiered gateway action and fail-closed forwarding","duration":41.42166599999996,"failureMessages":[],"meta":{}},{"ancestorTitles":["Security and IoT Fixture Conformance"],"fullName":"Security and IoT Fixture Conformance verifiable compute fixture enforces proof metadata on critical actions","status":"passed","title":"verifiable compute fixture enforces proof metadata on critical actions","duration":19.41958299999999,"failureMessages":[],"meta":{}}],"startTime":1785561378333,"endTime":1785561378472.4197,"status":"passed","message":"","name":"/Users/pshkv/sint-protocol/packages/conformance-tests/src/security-iot-fixtures-conformance.test.ts"},{"assertionResults":[{"ancestorTitles":["SINT Security Regression Tests"],"fullName":"SINT Security Regression Tests 4. Prompt injection must NOT change approval tier","status":"passed","title":"4. Prompt injection must NOT change approval tier","duration":26.198041999999987,"failureMessages":[],"meta":{}},{"ancestorTitles":["SINT Security Regression Tests"],"fullName":"SINT Security Regression Tests 5. Capability laundering sequence must require T3 approval","status":"passed","title":"5. Capability laundering sequence must require T3 approval","duration":0.32716699999997445,"failureMessages":[],"meta":{}},{"ancestorTitles":["SINT Security Regression Tests"],"fullName":"SINT Security Regression Tests 6. Delegation depth exceeding max (4+ hops) must be rejected","status":"passed","title":"6. Delegation depth exceeding max (4+ hops) must be rejected","duration":17.469666000000018,"failureMessages":[],"meta":{}},{"ancestorTitles":["SINT Security Regression Tests"],"fullName":"SINT Security Regression Tests 7. Expired token must be rejected with no grace period","status":"passed","title":"7. Expired token must be rejected with no grace period","duration":5.820249999999987,"failureMessages":[],"meta":{}},{"ancestorTitles":["SINT Security Regression Tests"],"fullName":"SINT Security Regression Tests 8. Revoked token must fail validation","status":"passed","title":"8. Revoked token must fail validation","duration":1.0743329999999673,"failureMessages":[],"meta":{}},{"ancestorTitles":["SINT Security Regression Tests"],"fullName":"SINT Security Regression Tests 9. Action commanding > token maxForceNewtons must be blocked","status":"passed","title":"9. Action commanding > token maxForceNewtons must be blocked","duration":2.7595000000000027,"failureMessages":[],"meta":{}},{"ancestorTitles":["SINT Security Regression Tests"],"fullName":"SINT Security Regression Tests 10. Action outside token geofence polygon must be blocked","status":"passed","title":"10. Action outside token geofence polygon must be blocked","duration":4.071791999999959,"failureMessages":[],"meta":{}},{"ancestorTitles":["SINT Security Regression Tests"],"fullName":"SINT Security Regression Tests Evidence Ledger hash chain must be tamper-evident","status":"passed","title":"Evidence Ledger hash chain must be tamper-evident","duration":2.2672919999999976,"failureMessages":[],"meta":{}},{"ancestorTitles":["SINT Security Regression Tests"],"fullName":"SINT Security Regression Tests Token with tampered fields must fail signature validation","status":"passed","title":"Token with tampered fields must fail signature validation","duration":4.482917000000043,"failureMessages":[],"meta":{}}],"startTime":1785561378590,"endTime":1785561378654.483,"status":"passed","message":"","name":"/Users/pshkv/sint-protocol/packages/conformance-tests/src/security-regression.test.ts"},{"assertionResults":[{"ancestorTitles":["Signed Effect Pack Conformance"],"fullName":"Signed Effect Pack Conformance I-E1: changed pack bytes must block execution","status":"passed","title":"I-E1: changed pack bytes must block execution","duration":20.86395799999997,"failureMessages":[],"meta":{}},{"ancestorTitles":["Signed Effect Pack Conformance"],"fullName":"Signed Effect Pack Conformance I-E2: a dispatch is single-use and runner-bound","status":"passed","title":"I-E2: a dispatch is single-use and runner-bound","duration":25.49266700000004,"failureMessages":[],"meta":{}},{"ancestorTitles":["Signed Effect Pack Conformance"],"fullName":"Signed Effect Pack Conformance I-E3: token physical limits are rechecked immediately before execution","status":"passed","title":"I-E3: token physical limits are rechecked immediately before execution","duration":9.785000000000025,"failureMessages":[],"meta":{}}],"startTime":1785561377616,"endTime":1785561377672.785,"status":"passed","message":"","name":"/Users/pshkv/sint-protocol/packages/conformance-tests/src/signed-effect-pack-conformance.test.ts"},{"assertionResults":[{"ancestorTitles":["SINT Industrial Pack manifest v1"],"fullName":"SINT Industrial Pack manifest v1 packages Sprint 3 under a real sint-industrial root","status":"passed","title":"packages Sprint 3 under a real sint-industrial root","duration":2.64066600000001,"failureMessages":[],"meta":{}},{"ancestorTitles":["SINT Industrial Pack manifest v1"],"fullName":"SINT Industrial Pack manifest v1 points schemas and policies at files that exist","status":"passed","title":"points schemas and policies at files that exist","duration":0.5181660000000079,"failureMessages":[],"meta":{}},{"ancestorTitles":["SINT Industrial Pack manifest v1"],"fullName":"SINT Industrial Pack manifest v1 defines settlement as receipt-backed attribution, not execution authority","status":"passed","title":"defines settlement as receipt-backed attribution, not execution authority","duration":0.8791250000000161,"failureMessages":[],"meta":{}},{"ancestorTitles":["SINT Industrial Pack manifest v1"],"fullName":"SINT Industrial Pack manifest v1 expresses at least three shared industrial execution paths","status":"passed","title":"expresses at least three shared industrial execution paths","duration":1.681791000000004,"failureMessages":[],"meta":{}},{"ancestorTitles":["SINT Industrial Pack manifest v1"],"fullName":"SINT Industrial Pack manifest v1 keeps planned vendor paths scoped as non-live adapter contracts","status":"passed","title":"keeps planned vendor paths scoped as non-live adapter contracts","duration":0.22987499999999272,"failureMessages":[],"meta":{}},{"ancestorTitles":["SINT Industrial Pack manifest v1"],"fullName":"SINT Industrial Pack manifest v1 keeps simulator and example profiles receipt-backed","status":"passed","title":"keeps simulator and example profiles receipt-backed","duration":0.9017499999999927,"failureMessages":[],"meta":{}}],"startTime":1785561378867,"endTime":1785561378873.9019,"status":"passed","message":"","name":"/Users/pshkv/sint-protocol/packages/conformance-tests/src/sint-industrial-pack-conformance.test.ts"},{"assertionResults":[{"ancestorTitles":["Solar field operations policy receipts fixture v1"],"fullName":"Solar field operations policy receipts fixture v1 declares a project-neutral collaboration scope","status":"passed","title":"declares a project-neutral collaboration scope","duration":1.1835420000000454,"failureMessages":[],"meta":{}},{"ancestorTitles":["Solar field operations policy receipts fixture v1"],"fullName":"Solar field operations policy receipts fixture v1 defines receipt fields that bind site, row, mission, and permit evidence","status":"passed","title":"defines receipt fields that bind site, row, mission, and permit evidence","duration":0.569582999999966,"failureMessages":[],"meta":{}},{"ancestorTitles":["Solar field operations policy receipts fixture v1"],"fullName":"Solar field operations policy receipts fixture v1 derives expected resources from engine and ROS 2 boundaries","status":"passed","title":"derives expected resources from engine and ROS 2 boundaries","duration":0.18712499999998045,"failureMessages":[],"meta":{}},{"ancestorTitles":["Solar field operations policy receipts fixture v1"],"fullName":"Solar field operations policy receipts fixture v1 keeps inspection and planning below physical actuation","status":"passed","title":"keeps inspection and planning below physical actuation","duration":0.17504200000001902,"failureMessages":[],"meta":{}},{"ancestorTitles":["Solar field operations policy receipts fixture v1"],"fullName":"Solar field operations policy receipts fixture v1 models human-presence escalation in the service aisle","status":"passed","title":"models human-presence escalation in the service aisle","duration":0.19400000000001683,"failureMessages":[],"meta":{}},{"ancestorTitles":["Solar field operations policy receipts fixture v1"],"fullName":"Solar field operations policy receipts fixture v1 requires weather and lockout evidence for high-consequence field actions","status":"passed","title":"requires weather and lockout evidence for high-consequence field actions","duration":0.1562080000000492,"failureMessages":[],"meta":{}},{"ancestorTitles":["Solar field operations policy receipts fixture v1"],"fullName":"Solar field operations policy receipts fixture v1 keeps all outcomes receipt-backed","status":"passed","title":"keeps all outcomes receipt-backed","duration":0.15720900000002302,"failureMessages":[],"meta":{}}],"startTime":1785561379009,"endTime":1785561379011.194,"status":"passed","message":"","name":"/Users/pshkv/sint-protocol/packages/conformance-tests/src/solar-field-operations-policy-receipts-conformance.test.ts"}]}