{"numTotalTestSuites":2,"numPassedTestSuites":2,"numFailedTestSuites":0,"numPendingTestSuites":0,"numTotalTests":1,"numPassedTests":1,"numFailedTests":0,"numPendingTests":0,"numTodoTests":0,"snapshot":{"added":0,"failure":false,"filesAdded":0,"filesRemoved":0,"filesRemovedList":[],"filesUnmatched":0,"filesUpdated":0,"matched":0,"total":0,"unchecked":0,"uncheckedKeysByFile":[],"unmatched":0,"updated":0,"didUpdate":false},"startTime":1779395073454,"success":true,"testResults":[{"assertionResults":[{"ancestorTitles":["Gateway production slice"],"fullName":"Gateway production slice issues, enforces, persists evidence, proves chain, and revokes via the supported HTTP surface","status":"passed","title":"issues, enforces, persists evidence, proves chain, and revokes via the supported HTTP surface","duration":56.996583999999984,"failureMessages":[],"meta":{}}],"startTime":1779395074566,"endTime":1779395074622.9966,"status":"passed","message":"","name":"/Users/pshkv/sint-protocol/apps/gateway-server/__tests__/production-slice.test.ts"}]}